<?xml version="1.0" encoding="UTF-8"?>
<testsuite xmlns:xsi="http://www.w3.org/2001/XMLSchema-instance" xsi:noNamespaceSchemaLocation="https://maven.apache.org/surefire/maven-surefire-plugin/xsd/surefire-test-report-3.0.xsd" version="3.0" name="com.openclassrooms.tourguide.TestPerformance" time="0.01" tests="2" errors="0" skipped="2" failures="0">
  <properties/>
  <testcase name="highVolumeTrackLocation" classname="com.openclassrooms.tourguide.TestPerformance" time="0">
    <skipped message="class com.openclassrooms.tourguide.TestPerformance is @Disabled"/>
  </testcase>
  <testcase name="highVolumeGetRewards" classname="com.openclassrooms.tourguide.TestPerformance" time="0">
    <skipped message="class com.openclassrooms.tourguide.TestPerformance is @Disabled"/>
  </testcase>
</testsuite>