<?xml version="1.0" encoding="UTF-8"?>
<testsuite xmlns:xsi="http://www.w3.org/2001/XMLSchema-instance" xsi:noNamespaceSchemaLocation="https://maven.apache.org/surefire/maven-surefire-plugin/xsd/surefire-test-report-3.0.xsd" version="3.0" name="com.openclassrooms.tourguide.TestRewardsService" time="0.002" tests="3" errors="0" skipped="3" failures="0">
  <properties/>
  <testcase name="nearAllAttractions" classname="com.openclassrooms.tourguide.TestRewardsService" time="0">
    <skipped message="À corriger après avoir terminé l’étape 3 - le test échoue actuellement"/>
  </testcase>
  <testcase name="userGetRewards" classname="com.openclassrooms.tourguide.TestRewardsService" time="0">
    <skipped message="À corriger après avoir terminé l’étape 3 - le test échoue actuellement"/>
  </testcase>
  <testcase name="isWithinAttractionProximity" classname="com.openclassrooms.tourguide.TestRewardsService" time="0">
    <skipped message="À corriger après avoir terminé l’étape 3 - le test échoue actuellement"/>
  </testcase>
</testsuite>